Microsoft (R) Macro Assembler Version 6.15.8803		    01/03/05 00:11:11
md5-586.asm						     Page 1 - 1


					; Don't even think of reading this code
					; It was automatically generated by md5-586.pl
					; Which is a perl program used to generate the x86 assember for
					; any of elf, a.out, BSDI, Win32, gaswin (for GNU as on Win32) or Solaris
					; eric <eay@cryptsoft.com>
					; 
					TITLE	md5-586.asm
				        .386
				.model FLAT
 00000000			_TEXT	SEGMENT
				PUBLIC	_md5_block_asm_host_order

 00000000			_md5_block_asm_host_order PROC NEAR
 00000000  56				push	esi
 00000001  57				push	edi
 00000002  8B 7C 24 0C			mov	edi,		DWORD PTR 12[esp]
 00000006  8B 74 24 10			mov	esi,		DWORD PTR 16[esp]
 0000000A  8B 4C 24 14			mov	ecx,		DWORD PTR 20[esp]
 0000000E  55				push	ebp
 0000000F  C1 E1 06			shl	ecx,		6
 00000012  53				push	ebx
 00000013  03 CE			add	ecx,		esi
 00000015  83 E9 40			sub	ecx,		64
 00000018  8B 07			mov	eax,		DWORD PTR [edi]
 0000001A  51				push	ecx
 0000001B  8B 5F 04			mov	ebx,		DWORD PTR 4[edi]
 0000001E  8B 4F 08			mov	ecx,		DWORD PTR 8[edi]
 00000021  8B 57 0C			mov	edx,		DWORD PTR 12[edi]
 00000024			$L000start:
					; 
					; R0 section
 00000024  8B F9			mov	edi,		ecx
 00000026  8B 2E			mov	ebp,		DWORD PTR [esi]
					; R0 0
 00000028  33 FA			xor	edi,		edx
 0000002A  23 FB			and	edi,		ebx
 0000002C  8D 84 28			lea	eax,		DWORD PTR 3614090360[ebp*1+eax]
	   D76AA478
 00000033  33 FA			xor	edi,		edx
 00000035  03 C7			add	eax,		edi
 00000037  8B FB			mov	edi,		ebx
 00000039  C1 C0 07			rol	eax,		7
 0000003C  8B 6E 04			mov	ebp,		DWORD PTR 4[esi]
 0000003F  03 C3			add	eax,		ebx
					; R0 1
 00000041  33 F9			xor	edi,		ecx
 00000043  23 F8			and	edi,		eax
 00000045  8D 94 2A			lea	edx,		DWORD PTR 3905402710[ebp*1+edx]
	   E8C7B756
 0000004C  33 F9			xor	edi,		ecx
 0000004E  03 D7			add	edx,		edi
 00000050  8B F8			mov	edi,		eax
 00000052  C1 C2 0C			rol	edx,		12
 00000055  8B 6E 08			mov	ebp,		DWORD PTR 8[esi]
 00000058  03 D0			add	edx,		eax
					; R0 2
 0000005A  33 FB			xor	edi,		ebx
 0000005C  23 FA			and	edi,		edx
 0000005E  8D 8C 29			lea	ecx,		DWORD PTR 606105819[ebp*1+ecx]
	   242070DB
 00000065  33 FB			xor	edi,		ebx
 00000067  03 CF			add	ecx,		edi
 00000069  8B FA			mov	edi,		edx
 0000006B  C1 C1 11			rol	ecx,		17
 0000006E  8B 6E 0C			mov	ebp,		DWORD PTR 12[esi]
 00000071  03 CA			add	ecx,		edx
					; R0 3
 00000073  33 F8			xor	edi,		eax
 00000075  23 F9			and	edi,		ecx
 00000077  8D 9C 2B			lea	ebx,		DWORD PTR 3250441966[ebp*1+ebx]
	   C1BDCEEE
 0000007E  33 F8			xor	edi,		eax
 00000080  03 DF			add	ebx,		edi
 00000082  8B F9			mov	edi,		ecx
 00000084  C1 C3 16			rol	ebx,		22
 00000087  8B 6E 10			mov	ebp,		DWORD PTR 16[esi]
 0000008A  03 D9			add	ebx,		ecx
					; R0 4
 0000008C  33 FA			xor	edi,		edx
 0000008E  23 FB			and	edi,		ebx
 00000090  8D 84 28			lea	eax,		DWORD PTR 4118548399[ebp*1+eax]
	   F57C0FAF
 00000097  33 FA			xor	edi,		edx
 00000099  03 C7			add	eax,		edi
 0000009B  8B FB			mov	edi,		ebx
 0000009D  C1 C0 07			rol	eax,		7
 000000A0  8B 6E 14			mov	ebp,		DWORD PTR 20[esi]
 000000A3  03 C3			add	eax,		ebx
					; R0 5
 000000A5  33 F9			xor	edi,		ecx
 000000A7  23 F8			and	edi,		eax
 000000A9  8D 94 2A			lea	edx,		DWORD PTR 1200080426[ebp*1+edx]
	   4787C62A
 000000B0  33 F9			xor	edi,		ecx
 000000B2  03 D7			add	edx,		edi
 000000B4  8B F8			mov	edi,		eax
 000000B6  C1 C2 0C			rol	edx,		12
 000000B9  8B 6E 18			mov	ebp,		DWORD PTR 24[esi]
 000000BC  03 D0			add	edx,		eax
					; R0 6
 000000BE  33 FB			xor	edi,		ebx
 000000C0  23 FA			and	edi,		edx
 000000C2  8D 8C 29			lea	ecx,		DWORD PTR 2821735955[ebp*1+ecx]
	   A8304613
 000000C9  33 FB			xor	edi,		ebx
 000000CB  03 CF			add	ecx,		edi
 000000CD  8B FA			mov	edi,		edx
 000000CF  C1 C1 11			rol	ecx,		17
 000000D2  8B 6E 1C			mov	ebp,		DWORD PTR 28[esi]
 000000D5  03 CA			add	ecx,		edx
					; R0 7
 000000D7  33 F8			xor	edi,		eax
 000000D9  23 F9			and	edi,		ecx
 000000DB  8D 9C 2B			lea	ebx,		DWORD PTR 4249261313[ebp*1+ebx]
	   FD469501
 000000E2  33 F8			xor	edi,		eax
 000000E4  03 DF			add	ebx,		edi
 000000E6  8B F9			mov	edi,		ecx
 000000E8  C1 C3 16			rol	ebx,		22
 000000EB  8B 6E 20			mov	ebp,		DWORD PTR 32[esi]
 000000EE  03 D9			add	ebx,		ecx
					; R0 8
 000000F0  33 FA			xor	edi,		edx
 000000F2  23 FB			and	edi,		ebx
 000000F4  8D 84 28			lea	eax,		DWORD PTR 1770035416[ebp*1+eax]
	   698098D8
 000000FB  33 FA			xor	edi,		edx
 000000FD  03 C7			add	eax,		edi
 000000FF  8B FB			mov	edi,		ebx
 00000101  C1 C0 07			rol	eax,		7
 00000104  8B 6E 24			mov	ebp,		DWORD PTR 36[esi]
 00000107  03 C3			add	eax,		ebx
					; R0 9
 00000109  33 F9			xor	edi,		ecx
 0000010B  23 F8			and	edi,		eax
 0000010D  8D 94 2A			lea	edx,		DWORD PTR 2336552879[ebp*1+edx]
	   8B44F7AF
 00000114  33 F9			xor	edi,		ecx
 00000116  03 D7			add	edx,		edi
 00000118  8B F8			mov	edi,		eax
 0000011A  C1 C2 0C			rol	edx,		12
 0000011D  8B 6E 28			mov	ebp,		DWORD PTR 40[esi]
 00000120  03 D0			add	edx,		eax
					; R0 10
 00000122  33 FB			xor	edi,		ebx
 00000124  23 FA			and	edi,		edx
 00000126  8D 8C 29			lea	ecx,		DWORD PTR 4294925233[ebp*1+ecx]
	   FFFF5BB1
 0000012D  33 FB			xor	edi,		ebx
 0000012F  03 CF			add	ecx,		edi
 00000131  8B FA			mov	edi,		edx
 00000133  C1 C1 11			rol	ecx,		17
 00000136  8B 6E 2C			mov	ebp,		DWORD PTR 44[esi]
 00000139  03 CA			add	ecx,		edx
					; R0 11
 0000013B  33 F8			xor	edi,		eax
 0000013D  23 F9			and	edi,		ecx
 0000013F  8D 9C 2B			lea	ebx,		DWORD PTR 2304563134[ebp*1+ebx]
	   895CD7BE
 00000146  33 F8			xor	edi,		eax
 00000148  03 DF			add	ebx,		edi
 0000014A  8B F9			mov	edi,		ecx
 0000014C  C1 C3 16			rol	ebx,		22
 0000014F  8B 6E 30			mov	ebp,		DWORD PTR 48[esi]
 00000152  03 D9			add	ebx,		ecx
					; R0 12
 00000154  33 FA			xor	edi,		edx
 00000156  23 FB			and	edi,		ebx
 00000158  8D 84 28			lea	eax,		DWORD PTR 1804603682[ebp*1+eax]
	   6B901122
 0000015F  33 FA			xor	edi,		edx
 00000161  03 C7			add	eax,		edi
 00000163  8B FB			mov	edi,		ebx
 00000165  C1 C0 07			rol	eax,		7
 00000168  8B 6E 34			mov	ebp,		DWORD PTR 52[esi]
 0000016B  03 C3			add	eax,		ebx
					; R0 13
 0000016D  33 F9			xor	edi,		ecx
 0000016F  23 F8			and	edi,		eax
 00000171  8D 94 2A			lea	edx,		DWORD PTR 4254626195[ebp*1+edx]
	   FD987193
 00000178  33 F9			xor	edi,		ecx
 0000017A  03 D7			add	edx,		edi
 0000017C  8B F8			mov	edi,		eax
 0000017E  C1 C2 0C			rol	edx,		12
 00000181  8B 6E 38			mov	ebp,		DWORD PTR 56[esi]
 00000184  03 D0			add	edx,		eax
					; R0 14
 00000186  33 FB			xor	edi,		ebx
 00000188  23 FA			and	edi,		edx
 0000018A  8D 8C 29			lea	ecx,		DWORD PTR 2792965006[ebp*1+ecx]
	   A679438E
 00000191  33 FB			xor	edi,		ebx
 00000193  03 CF			add	ecx,		edi
 00000195  8B FA			mov	edi,		edx
 00000197  C1 C1 11			rol	ecx,		17
 0000019A  8B 6E 3C			mov	ebp,		DWORD PTR 60[esi]
 0000019D  03 CA			add	ecx,		edx
					; R0 15
 0000019F  33 F8			xor	edi,		eax
 000001A1  23 F9			and	edi,		ecx
 000001A3  8D 9C 2B			lea	ebx,		DWORD PTR 1236535329[ebp*1+ebx]
	   49B40821
 000001AA  33 F8			xor	edi,		eax
 000001AC  03 DF			add	ebx,		edi
 000001AE  8B F9			mov	edi,		ecx
 000001B0  C1 C3 16			rol	ebx,		22
 000001B3  8B 6E 04			mov	ebp,		DWORD PTR 4[esi]
 000001B6  03 D9			add	ebx,		ecx
					; 
					; R1 section
					; R1 16
 000001B8  8D 84 28			lea	eax,		DWORD PTR 4129170786[ebp*1+eax]
	   F61E2562
 000001BF  33 FB			xor	edi,		ebx
 000001C1  23 FA			and	edi,		edx
 000001C3  8B 6E 18			mov	ebp,		DWORD PTR 24[esi]
 000001C6  33 F9			xor	edi,		ecx
 000001C8  03 C7			add	eax,		edi
 000001CA  8B FB			mov	edi,		ebx
 000001CC  C1 C0 05			rol	eax,		5
 000001CF  03 C3			add	eax,		ebx
					; R1 17
 000001D1  8D 94 2A			lea	edx,		DWORD PTR 3225465664[ebp*1+edx]
	   C040B340
 000001D8  33 F8			xor	edi,		eax
 000001DA  23 F9			and	edi,		ecx
 000001DC  8B 6E 2C			mov	ebp,		DWORD PTR 44[esi]
 000001DF  33 FB			xor	edi,		ebx
 000001E1  03 D7			add	edx,		edi
 000001E3  8B F8			mov	edi,		eax
 000001E5  C1 C2 09			rol	edx,		9
 000001E8  03 D0			add	edx,		eax
					; R1 18
 000001EA  8D 8C 29			lea	ecx,		DWORD PTR 643717713[ebp*1+ecx]
	   265E5A51
 000001F1  33 FA			xor	edi,		edx
 000001F3  23 FB			and	edi,		ebx
 000001F5  8B 2E			mov	ebp,		DWORD PTR [esi]
 000001F7  33 F8			xor	edi,		eax
 000001F9  03 CF			add	ecx,		edi
 000001FB  8B FA			mov	edi,		edx
 000001FD  C1 C1 0E			rol	ecx,		14
 00000200  03 CA			add	ecx,		edx
					; R1 19
 00000202  8D 9C 2B			lea	ebx,		DWORD PTR 3921069994[ebp*1+ebx]
	   E9B6C7AA
 00000209  33 F9			xor	edi,		ecx
 0000020B  23 F8			and	edi,		eax
 0000020D  8B 6E 14			mov	ebp,		DWORD PTR 20[esi]
 00000210  33 FA			xor	edi,		edx
 00000212  03 DF			add	ebx,		edi
 00000214  8B F9			mov	edi,		ecx
 00000216  C1 C3 14			rol	ebx,		20
 00000219  03 D9			add	ebx,		ecx
					; R1 20
 0000021B  8D 84 28			lea	eax,		DWORD PTR 3593408605[ebp*1+eax]
	   D62F105D
 00000222  33 FB			xor	edi,		ebx
 00000224  23 FA			and	edi,		edx
 00000226  8B 6E 28			mov	ebp,		DWORD PTR 40[esi]
 00000229  33 F9			xor	edi,		ecx
 0000022B  03 C7			add	eax,		edi
 0000022D  8B FB			mov	edi,		ebx
 0000022F  C1 C0 05			rol	eax,		5
 00000232  03 C3			add	eax,		ebx
					; R1 21
 00000234  8D 94 2A			lea	edx,		DWORD PTR 38016083[ebp*1+edx]
	   02441453
 0000023B  33 F8			xor	edi,		eax
 0000023D  23 F9			and	edi,		ecx
 0000023F  8B 6E 3C			mov	ebp,		DWORD PTR 60[esi]
 00000242  33 FB			xor	edi,		ebx
 00000244  03 D7			add	edx,		edi
 00000246  8B F8			mov	edi,		eax
 00000248  C1 C2 09			rol	edx,		9
 0000024B  03 D0			add	edx,		eax
					; R1 22
 0000024D  8D 8C 29			lea	ecx,		DWORD PTR 3634488961[ebp*1+ecx]
	   D8A1E681
 00000254  33 FA			xor	edi,		edx
 00000256  23 FB			and	edi,		ebx
 00000258  8B 6E 10			mov	ebp,		DWORD PTR 16[esi]
 0000025B  33 F8			xor	edi,		eax
 0000025D  03 CF			add	ecx,		edi
 0000025F  8B FA			mov	edi,		edx
 00000261  C1 C1 0E			rol	ecx,		14
 00000264  03 CA			add	ecx,		edx
					; R1 23
 00000266  8D 9C 2B			lea	ebx,		DWORD PTR 3889429448[ebp*1+ebx]
	   E7D3FBC8
 0000026D  33 F9			xor	edi,		ecx
 0000026F  23 F8			and	edi,		eax
 00000271  8B 6E 24			mov	ebp,		DWORD PTR 36[esi]
 00000274  33 FA			xor	edi,		edx
 00000276  03 DF			add	ebx,		edi
 00000278  8B F9			mov	edi,		ecx
 0000027A  C1 C3 14			rol	ebx,		20
 0000027D  03 D9			add	ebx,		ecx
					; R1 24
 0000027F  8D 84 28			lea	eax,		DWORD PTR 568446438[ebp*1+eax]
	   21E1CDE6
 00000286  33 FB			xor	edi,		ebx
 00000288  23 FA			and	edi,		edx
 0000028A  8B 6E 38			mov	ebp,		DWORD PTR 56[esi]
 0000028D  33 F9			xor	edi,		ecx
 0000028F  03 C7			add	eax,		edi
 00000291  8B FB			mov	edi,		ebx
 00000293  C1 C0 05			rol	eax,		5
 00000296  03 C3			add	eax,		ebx
					; R1 25
 00000298  8D 94 2A			lea	edx,		DWORD PTR 3275163606[ebp*1+edx]
	   C33707D6
 0000029F  33 F8			xor	edi,		eax
 000002A1  23 F9			and	edi,		ecx
 000002A3  8B 6E 0C			mov	ebp,		DWORD PTR 12[esi]
 000002A6  33 FB			xor	edi,		ebx
 000002A8  03 D7			add	edx,		edi
 000002AA  8B F8			mov	edi,		eax
 000002AC  C1 C2 09			rol	edx,		9
 000002AF  03 D0			add	edx,		eax
					; R1 26
 000002B1  8D 8C 29			lea	ecx,		DWORD PTR 4107603335[ebp*1+ecx]
	   F4D50D87
 000002B8  33 FA			xor	edi,		edx
 000002BA  23 FB			and	edi,		ebx
 000002BC  8B 6E 20			mov	ebp,		DWORD PTR 32[esi]
 000002BF  33 F8			xor	edi,		eax
 000002C1  03 CF			add	ecx,		edi
 000002C3  8B FA			mov	edi,		edx
 000002C5  C1 C1 0E			rol	ecx,		14
 000002C8  03 CA			add	ecx,		edx
					; R1 27
 000002CA  8D 9C 2B			lea	ebx,		DWORD PTR 1163531501[ebp*1+ebx]
	   455A14ED
 000002D1  33 F9			xor	edi,		ecx
 000002D3  23 F8			and	edi,		eax
 000002D5  8B 6E 34			mov	ebp,		DWORD PTR 52[esi]
 000002D8  33 FA			xor	edi,		edx
 000002DA  03 DF			add	ebx,		edi
 000002DC  8B F9			mov	edi,		ecx
 000002DE  C1 C3 14			rol	ebx,		20
 000002E1  03 D9			add	ebx,		ecx
					; R1 28
 000002E3  8D 84 28			lea	eax,		DWORD PTR 2850285829[ebp*1+eax]
	   A9E3E905
 000002EA  33 FB			xor	edi,		ebx
 000002EC  23 FA			and	edi,		edx
 000002EE  8B 6E 08			mov	ebp,		DWORD PTR 8[esi]
 000002F1  33 F9			xor	edi,		ecx
 000002F3  03 C7			add	eax,		edi
 000002F5  8B FB			mov	edi,		ebx
 000002F7  C1 C0 05			rol	eax,		5
 000002FA  03 C3			add	eax,		ebx
					; R1 29
 000002FC  8D 94 2A			lea	edx,		DWORD PTR 4243563512[ebp*1+edx]
	   FCEFA3F8
 00000303  33 F8			xor	edi,		eax
 00000305  23 F9			and	edi,		ecx
 00000307  8B 6E 1C			mov	ebp,		DWORD PTR 28[esi]
 0000030A  33 FB			xor	edi,		ebx
 0000030C  03 D7			add	edx,		edi
 0000030E  8B F8			mov	edi,		eax
 00000310  C1 C2 09			rol	edx,		9
 00000313  03 D0			add	edx,		eax
					; R1 30
 00000315  8D 8C 29			lea	ecx,		DWORD PTR 1735328473[ebp*1+ecx]
	   676F02D9
 0000031C  33 FA			xor	edi,		edx
 0000031E  23 FB			and	edi,		ebx
 00000320  8B 6E 30			mov	ebp,		DWORD PTR 48[esi]
 00000323  33 F8			xor	edi,		eax
 00000325  03 CF			add	ecx,		edi
 00000327  8B FA			mov	edi,		edx
 00000329  C1 C1 0E			rol	ecx,		14
 0000032C  03 CA			add	ecx,		edx
					; R1 31
 0000032E  8D 9C 2B			lea	ebx,		DWORD PTR 2368359562[ebp*1+ebx]
	   8D2A4C8A
 00000335  33 F9			xor	edi,		ecx
 00000337  23 F8			and	edi,		eax
 00000339  8B 6E 14			mov	ebp,		DWORD PTR 20[esi]
 0000033C  33 FA			xor	edi,		edx
 0000033E  03 DF			add	ebx,		edi
 00000340  8B F9			mov	edi,		ecx
 00000342  C1 C3 14			rol	ebx,		20
 00000345  03 D9			add	ebx,		ecx
					; 
					; R2 section
					; R2 32
 00000347  33 FA			xor	edi,		edx
 00000349  33 FB			xor	edi,		ebx
 0000034B  8D 84 28			lea	eax,		DWORD PTR 4294588738[ebp*1+eax]
	   FFFA3942
 00000352  03 C7			add	eax,		edi
 00000354  C1 C0 04			rol	eax,		4
 00000357  8B 6E 20			mov	ebp,		DWORD PTR 32[esi]
 0000035A  8B FB			mov	edi,		ebx
					; R2 33
 0000035C  8D 94 2A			lea	edx,		DWORD PTR 2272392833[ebp*1+edx]
	   8771F681
 00000363  03 C3			add	eax,		ebx
 00000365  33 F9			xor	edi,		ecx
 00000367  33 F8			xor	edi,		eax
 00000369  8B 6E 2C			mov	ebp,		DWORD PTR 44[esi]
 0000036C  03 D7			add	edx,		edi
 0000036E  8B F8			mov	edi,		eax
 00000370  C1 C2 0B			rol	edx,		11
 00000373  03 D0			add	edx,		eax
					; R2 34
 00000375  33 FB			xor	edi,		ebx
 00000377  33 FA			xor	edi,		edx
 00000379  8D 8C 29			lea	ecx,		DWORD PTR 1839030562[ebp*1+ecx]
	   6D9D6122
 00000380  03 CF			add	ecx,		edi
 00000382  C1 C1 10			rol	ecx,		16
 00000385  8B 6E 38			mov	ebp,		DWORD PTR 56[esi]
 00000388  8B FA			mov	edi,		edx
					; R2 35
 0000038A  8D 9C 2B			lea	ebx,		DWORD PTR 4259657740[ebp*1+ebx]
	   FDE5380C
 00000391  03 CA			add	ecx,		edx
 00000393  33 F8			xor	edi,		eax
 00000395  33 F9			xor	edi,		ecx
 00000397  8B 6E 04			mov	ebp,		DWORD PTR 4[esi]
 0000039A  03 DF			add	ebx,		edi
 0000039C  8B F9			mov	edi,		ecx
 0000039E  C1 C3 17			rol	ebx,		23
 000003A1  03 D9			add	ebx,		ecx
					; R2 36
 000003A3  33 FA			xor	edi,		edx
 000003A5  33 FB			xor	edi,		ebx
 000003A7  8D 84 28			lea	eax,		DWORD PTR 2763975236[ebp*1+eax]
	   A4BEEA44
 000003AE  03 C7			add	eax,		edi
 000003B0  C1 C0 04			rol	eax,		4
 000003B3  8B 6E 10			mov	ebp,		DWORD PTR 16[esi]
 000003B6  8B FB			mov	edi,		ebx
					; R2 37
 000003B8  8D 94 2A			lea	edx,		DWORD PTR 1272893353[ebp*1+edx]
	   4BDECFA9
 000003BF  03 C3			add	eax,		ebx
 000003C1  33 F9			xor	edi,		ecx
 000003C3  33 F8			xor	edi,		eax
 000003C5  8B 6E 1C			mov	ebp,		DWORD PTR 28[esi]
 000003C8  03 D7			add	edx,		edi
 000003CA  8B F8			mov	edi,		eax
 000003CC  C1 C2 0B			rol	edx,		11
 000003CF  03 D0			add	edx,		eax
					; R2 38
 000003D1  33 FB			xor	edi,		ebx
 000003D3  33 FA			xor	edi,		edx
 000003D5  8D 8C 29			lea	ecx,		DWORD PTR 4139469664[ebp*1+ecx]
	   F6BB4B60
 000003DC  03 CF			add	ecx,		edi
 000003DE  C1 C1 10			rol	ecx,		16
 000003E1  8B 6E 28			mov	ebp,		DWORD PTR 40[esi]
 000003E4  8B FA			mov	edi,		edx
					; R2 39
 000003E6  8D 9C 2B			lea	ebx,		DWORD PTR 3200236656[ebp*1+ebx]
	   BEBFBC70
 000003ED  03 CA			add	ecx,		edx
 000003EF  33 F8			xor	edi,		eax
 000003F1  33 F9			xor	edi,		ecx
 000003F3  8B 6E 34			mov	ebp,		DWORD PTR 52[esi]
 000003F6  03 DF			add	ebx,		edi
 000003F8  8B F9			mov	edi,		ecx
 000003FA  C1 C3 17			rol	ebx,		23
 000003FD  03 D9			add	ebx,		ecx
					; R2 40
 000003FF  33 FA			xor	edi,		edx
 00000401  33 FB			xor	edi,		ebx
 00000403  8D 84 28			lea	eax,		DWORD PTR 681279174[ebp*1+eax]
	   289B7EC6
 0000040A  03 C7			add	eax,		edi
 0000040C  C1 C0 04			rol	eax,		4
 0000040F  8B 2E			mov	ebp,		DWORD PTR [esi]
 00000411  8B FB			mov	edi,		ebx
					; R2 41
 00000413  8D 94 2A			lea	edx,		DWORD PTR 3936430074[ebp*1+edx]
	   EAA127FA
 0000041A  03 C3			add	eax,		ebx
 0000041C  33 F9			xor	edi,		ecx
 0000041E  33 F8			xor	edi,		eax
 00000420  8B 6E 0C			mov	ebp,		DWORD PTR 12[esi]
 00000423  03 D7			add	edx,		edi
 00000425  8B F8			mov	edi,		eax
 00000427  C1 C2 0B			rol	edx,		11
 0000042A  03 D0			add	edx,		eax
					; R2 42
 0000042C  33 FB			xor	edi,		ebx
 0000042E  33 FA			xor	edi,		edx
 00000430  8D 8C 29			lea	ecx,		DWORD PTR 3572445317[ebp*1+ecx]
	   D4EF3085
 00000437  03 CF			add	ecx,		edi
 00000439  C1 C1 10			rol	ecx,		16
 0000043C  8B 6E 18			mov	ebp,		DWORD PTR 24[esi]
 0000043F  8B FA			mov	edi,		edx
					; R2 43
 00000441  8D 9C 2B			lea	ebx,		DWORD PTR 76029189[ebp*1+ebx]
	   04881D05
 00000448  03 CA			add	ecx,		edx
 0000044A  33 F8			xor	edi,		eax
 0000044C  33 F9			xor	edi,		ecx
 0000044E  8B 6E 24			mov	ebp,		DWORD PTR 36[esi]
 00000451  03 DF			add	ebx,		edi
 00000453  8B F9			mov	edi,		ecx
 00000455  C1 C3 17			rol	ebx,		23
 00000458  03 D9			add	ebx,		ecx
					; R2 44
 0000045A  33 FA			xor	edi,		edx
 0000045C  33 FB			xor	edi,		ebx
 0000045E  8D 84 28			lea	eax,		DWORD PTR 3654602809[ebp*1+eax]
	   D9D4D039
 00000465  03 C7			add	eax,		edi
 00000467  C1 C0 04			rol	eax,		4
 0000046A  8B 6E 30			mov	ebp,		DWORD PTR 48[esi]
 0000046D  8B FB			mov	edi,		ebx
					; R2 45
 0000046F  8D 94 2A			lea	edx,		DWORD PTR 3873151461[ebp*1+edx]
	   E6DB99E5
 00000476  03 C3			add	eax,		ebx
 00000478  33 F9			xor	edi,		ecx
 0000047A  33 F8			xor	edi,		eax
 0000047C  8B 6E 3C			mov	ebp,		DWORD PTR 60[esi]
 0000047F  03 D7			add	edx,		edi
 00000481  8B F8			mov	edi,		eax
 00000483  C1 C2 0B			rol	edx,		11
 00000486  03 D0			add	edx,		eax
					; R2 46
 00000488  33 FB			xor	edi,		ebx
 0000048A  33 FA			xor	edi,		edx
 0000048C  8D 8C 29			lea	ecx,		DWORD PTR 530742520[ebp*1+ecx]
	   1FA27CF8
 00000493  03 CF			add	ecx,		edi
 00000495  C1 C1 10			rol	ecx,		16
 00000498  8B 6E 08			mov	ebp,		DWORD PTR 8[esi]
 0000049B  8B FA			mov	edi,		edx
					; R2 47
 0000049D  8D 9C 2B			lea	ebx,		DWORD PTR 3299628645[ebp*1+ebx]
	   C4AC5665
 000004A4  03 CA			add	ecx,		edx
 000004A6  33 F8			xor	edi,		eax
 000004A8  33 F9			xor	edi,		ecx
 000004AA  8B 2E			mov	ebp,		DWORD PTR [esi]
 000004AC  03 DF			add	ebx,		edi
 000004AE  BF FFFFFFFF			mov	edi,		-1
 000004B3  C1 C3 17			rol	ebx,		23
 000004B6  03 D9			add	ebx,		ecx
					; 
					; R3 section
					; R3 48
 000004B8  33 FA			xor	edi,		edx
 000004BA  0B FB			or	edi,		ebx
 000004BC  8D 84 28			lea	eax,		DWORD PTR 4096336452[ebp*1+eax]
	   F4292244
 000004C3  33 F9			xor	edi,		ecx
 000004C5  8B 6E 1C			mov	ebp,		DWORD PTR 28[esi]
 000004C8  03 C7			add	eax,		edi
 000004CA  BF FFFFFFFF			mov	edi,		-1
 000004CF  C1 C0 06			rol	eax,		6
 000004D2  33 F9			xor	edi,		ecx
 000004D4  03 C3			add	eax,		ebx
					; R3 49
 000004D6  0B F8			or	edi,		eax
 000004D8  8D 94 2A			lea	edx,		DWORD PTR 1126891415[ebp*1+edx]
	   432AFF97
 000004DF  33 FB			xor	edi,		ebx
 000004E1  8B 6E 38			mov	ebp,		DWORD PTR 56[esi]
 000004E4  03 D7			add	edx,		edi
 000004E6  BF FFFFFFFF			mov	edi,		-1
 000004EB  C1 C2 0A			rol	edx,		10
 000004EE  33 FB			xor	edi,		ebx
 000004F0  03 D0			add	edx,		eax
					; R3 50
 000004F2  0B FA			or	edi,		edx
 000004F4  8D 8C 29			lea	ecx,		DWORD PTR 2878612391[ebp*1+ecx]
	   AB9423A7
 000004FB  33 F8			xor	edi,		eax
 000004FD  8B 6E 14			mov	ebp,		DWORD PTR 20[esi]
 00000500  03 CF			add	ecx,		edi
 00000502  BF FFFFFFFF			mov	edi,		-1
 00000507  C1 C1 0F			rol	ecx,		15
 0000050A  33 F8			xor	edi,		eax
 0000050C  03 CA			add	ecx,		edx
					; R3 51
 0000050E  0B F9			or	edi,		ecx
 00000510  8D 9C 2B			lea	ebx,		DWORD PTR 4237533241[ebp*1+ebx]
	   FC93A039
 00000517  33 FA			xor	edi,		edx
 00000519  8B 6E 30			mov	ebp,		DWORD PTR 48[esi]
 0000051C  03 DF			add	ebx,		edi
 0000051E  BF FFFFFFFF			mov	edi,		-1
 00000523  C1 C3 15			rol	ebx,		21
 00000526  33 FA			xor	edi,		edx
 00000528  03 D9			add	ebx,		ecx
					; R3 52
 0000052A  0B FB			or	edi,		ebx
 0000052C  8D 84 28			lea	eax,		DWORD PTR 1700485571[ebp*1+eax]
	   655B59C3
 00000533  33 F9			xor	edi,		ecx
 00000535  8B 6E 0C			mov	ebp,		DWORD PTR 12[esi]
 00000538  03 C7			add	eax,		edi
 0000053A  BF FFFFFFFF			mov	edi,		-1
 0000053F  C1 C0 06			rol	eax,		6
 00000542  33 F9			xor	edi,		ecx
 00000544  03 C3			add	eax,		ebx
					; R3 53
 00000546  0B F8			or	edi,		eax
 00000548  8D 94 2A			lea	edx,		DWORD PTR 2399980690[ebp*1+edx]
	   8F0CCC92
 0000054F  33 FB			xor	edi,		ebx
 00000551  8B 6E 28			mov	ebp,		DWORD PTR 40[esi]
 00000554  03 D7			add	edx,		edi
 00000556  BF FFFFFFFF			mov	edi,		-1
 0000055B  C1 C2 0A			rol	edx,		10
 0000055E  33 FB			xor	edi,		ebx
 00000560  03 D0			add	edx,		eax
					; R3 54
 00000562  0B FA			or	edi,		edx
 00000564  8D 8C 29			lea	ecx,		DWORD PTR 4293915773[ebp*1+ecx]
	   FFEFF47D
 0000056B  33 F8			xor	edi,		eax
 0000056D  8B 6E 04			mov	ebp,		DWORD PTR 4[esi]
 00000570  03 CF			add	ecx,		edi
 00000572  BF FFFFFFFF			mov	edi,		-1
 00000577  C1 C1 0F			rol	ecx,		15
 0000057A  33 F8			xor	edi,		eax
 0000057C  03 CA			add	ecx,		edx
					; R3 55
 0000057E  0B F9			or	edi,		ecx
 00000580  8D 9C 2B			lea	ebx,		DWORD PTR 2240044497[ebp*1+ebx]
	   85845DD1
 00000587  33 FA			xor	edi,		edx
 00000589  8B 6E 20			mov	ebp,		DWORD PTR 32[esi]
 0000058C  03 DF			add	ebx,		edi
 0000058E  BF FFFFFFFF			mov	edi,		-1
 00000593  C1 C3 15			rol	ebx,		21
 00000596  33 FA			xor	edi,		edx
 00000598  03 D9			add	ebx,		ecx
					; R3 56
 0000059A  0B FB			or	edi,		ebx
 0000059C  8D 84 28			lea	eax,		DWORD PTR 1873313359[ebp*1+eax]
	   6FA87E4F
 000005A3  33 F9			xor	edi,		ecx
 000005A5  8B 6E 3C			mov	ebp,		DWORD PTR 60[esi]
 000005A8  03 C7			add	eax,		edi
 000005AA  BF FFFFFFFF			mov	edi,		-1
 000005AF  C1 C0 06			rol	eax,		6
 000005B2  33 F9			xor	edi,		ecx
 000005B4  03 C3			add	eax,		ebx
					; R3 57
 000005B6  0B F8			or	edi,		eax
 000005B8  8D 94 2A			lea	edx,		DWORD PTR 4264355552[ebp*1+edx]
	   FE2CE6E0
 000005BF  33 FB			xor	edi,		ebx
 000005C1  8B 6E 18			mov	ebp,		DWORD PTR 24[esi]
 000005C4  03 D7			add	edx,		edi
 000005C6  BF FFFFFFFF			mov	edi,		-1
 000005CB  C1 C2 0A			rol	edx,		10
 000005CE  33 FB			xor	edi,		ebx
 000005D0  03 D0			add	edx,		eax
					; R3 58
 000005D2  0B FA			or	edi,		edx
 000005D4  8D 8C 29			lea	ecx,		DWORD PTR 2734768916[ebp*1+ecx]
	   A3014314
 000005DB  33 F8			xor	edi,		eax
 000005DD  8B 6E 34			mov	ebp,		DWORD PTR 52[esi]
 000005E0  03 CF			add	ecx,		edi
 000005E2  BF FFFFFFFF			mov	edi,		-1
 000005E7  C1 C1 0F			rol	ecx,		15
 000005EA  33 F8			xor	edi,		eax
 000005EC  03 CA			add	ecx,		edx
					; R3 59
 000005EE  0B F9			or	edi,		ecx
 000005F0  8D 9C 2B			lea	ebx,		DWORD PTR 1309151649[ebp*1+ebx]
	   4E0811A1
 000005F7  33 FA			xor	edi,		edx
 000005F9  8B 6E 10			mov	ebp,		DWORD PTR 16[esi]
 000005FC  03 DF			add	ebx,		edi
 000005FE  BF FFFFFFFF			mov	edi,		-1
 00000603  C1 C3 15			rol	ebx,		21
 00000606  33 FA			xor	edi,		edx
 00000608  03 D9			add	ebx,		ecx
					; R3 60
 0000060A  0B FB			or	edi,		ebx
 0000060C  8D 84 28			lea	eax,		DWORD PTR 4149444226[ebp*1+eax]
	   F7537E82
 00000613  33 F9			xor	edi,		ecx
 00000615  8B 6E 2C			mov	ebp,		DWORD PTR 44[esi]
 00000618  03 C7			add	eax,		edi
 0000061A  BF FFFFFFFF			mov	edi,		-1
 0000061F  C1 C0 06			rol	eax,		6
 00000622  33 F9			xor	edi,		ecx
 00000624  03 C3			add	eax,		ebx
					; R3 61
 00000626  0B F8			or	edi,		eax
 00000628  8D 94 2A			lea	edx,		DWORD PTR 3174756917[ebp*1+edx]
	   BD3AF235
 0000062F  33 FB			xor	edi,		ebx
 00000631  8B 6E 08			mov	ebp,		DWORD PTR 8[esi]
 00000634  03 D7			add	edx,		edi
 00000636  BF FFFFFFFF			mov	edi,		-1
 0000063B  C1 C2 0A			rol	edx,		10
 0000063E  33 FB			xor	edi,		ebx
 00000640  03 D0			add	edx,		eax
					; R3 62
 00000642  0B FA			or	edi,		edx
 00000644  8D 8C 29			lea	ecx,		DWORD PTR 718787259[ebp*1+ecx]
	   2AD7D2BB
 0000064B  33 F8			xor	edi,		eax
 0000064D  8B 6E 24			mov	ebp,		DWORD PTR 36[esi]
 00000650  03 CF			add	ecx,		edi
 00000652  BF FFFFFFFF			mov	edi,		-1
 00000657  C1 C1 0F			rol	ecx,		15
 0000065A  33 F8			xor	edi,		eax
 0000065C  03 CA			add	ecx,		edx
					; R3 63
 0000065E  0B F9			or	edi,		ecx
 00000660  8D 9C 2B			lea	ebx,		DWORD PTR 3951481745[ebp*1+ebx]
	   EB86D391
 00000667  33 FA			xor	edi,		edx
 00000669  8B 6C 24 18			mov	ebp,		DWORD PTR 24[esp]
 0000066D  03 DF			add	ebx,		edi
 0000066F  83 C6 40			add	esi,		64
 00000672  C1 C3 15			rol	ebx,		21
 00000675  8B 7D 00			mov	edi,		DWORD PTR [ebp]
 00000678  03 D9			add	ebx,		ecx
 0000067A  03 C7			add	eax,		edi
 0000067C  8B 7D 04			mov	edi,		DWORD PTR 4[ebp]
 0000067F  03 DF			add	ebx,		edi
 00000681  8B 7D 08			mov	edi,		DWORD PTR 8[ebp]
 00000684  03 CF			add	ecx,		edi
 00000686  8B 7D 0C			mov	edi,		DWORD PTR 12[ebp]
 00000689  03 D7			add	edx,		edi
 0000068B  89 45 00			mov	DWORD PTR [ebp],eax
 0000068E  89 5D 04			mov	DWORD PTR 4[ebp],ebx
 00000691  8B 3C 24			mov	edi,		DWORD PTR [esp]
 00000694  89 4D 08			mov	DWORD PTR 8[ebp],ecx
 00000697  89 55 0C			mov	DWORD PTR 12[ebp],edx
 0000069A  3B FE			cmp	edi,		esi
 0000069C  0F 83 FFFFF982		jae	$L000start
 000006A2  58				pop	eax
 000006A3  5B				pop	ebx
 000006A4  5D				pop	ebp
 000006A5  5F				pop	edi
 000006A6  5E				pop	esi
 000006A7  C3				ret
 000006A8			_md5_block_asm_host_order ENDP
 000006A8			_TEXT	ENDS
				END
Microsoft (R) Macro Assembler Version 6.15.8803		    01/03/05 00:11:11
md5-586.asm						     Symbols 2 - 1




Segments and Groups:

                N a m e                 Size     Length   Align   Combine Class

FLAT . . . . . . . . . . . . . .	GROUP
_DATA  . . . . . . . . . . . . .	32 Bit	 00000000 DWord	  Public  'DATA'	
_TEXT  . . . . . . . . . . . . .	32 Bit	 000006A8 DWord	  Public  'CODE'	


Procedures,  parameters and locals:

                N a m e                 Type     Value    Attr

_md5_block_asm_host_order  . . .	P Near	 00000000 _TEXT	Length= 000006A8 Public
  $L000start . . . . . . . . . .	L Near	 00000024 _TEXT	


Symbols:

                N a m e                 Type     Value    Attr

@CodeSize  . . . . . . . . . . .	Number	 00000000h   
@DataSize  . . . . . . . . . . .	Number	 00000000h   
@Interface . . . . . . . . . . .	Number	 00000000h   
@Model . . . . . . . . . . . . .	Number	 00000007h   
@code  . . . . . . . . . . . . .	Text   	 _TEXT
@data  . . . . . . . . . . . . .	Text   	 FLAT
@fardata?  . . . . . . . . . . .	Text   	 FLAT
@fardata . . . . . . . . . . . .	Text   	 FLAT
@stack . . . . . . . . . . . . .	Text   	 FLAT

	   0 Warnings
	   0 Errors
